<?xml version="1.0" encoding="UTF-8"?>
<testsuite xmlns:xsi="http://www.w3.org/2001/XMLSchema-instance" xsi:schemaLocation="https://maven.apache.org/surefire/maven-surefire-plugin/xsd/surefire-test-report.xsd" name="tn.esprit.rh.achat.services.CartegorieServiceImplTest" time="20.171" tests="4" errors="0" skipped="0" failures="0">
  <properties>
[...]
</properties>
  <testcase name="testDeleteCategorie" classname="tn.esprit.rh.achat.services.CartegorieServiceImplTest" time="0.4"/>
  <testcase name="testAddCategorie" classname="tn.esprit.rh.achat.services.CartegorieServiceImplTest" time="0.01"/>
  <testcase name="testRetrieveAllCategorie" classname="tn.esprit.rh.achat.services.CartegorieServiceImplTest" time="0.075"/>
  <testcase name="testModifierCategorie" classname="tn.esprit.rh.achat.services.CartegorieServiceImplTest" time="0.024"/>
</testsuite>